<?xml version="1.0" encoding="UTF-8"?>
<coverage generated="1693560250830" clover="3.2.0">
  <project timestamp="1693560250830" name="All files">
    <metrics statements="56" coveredstatements="10" conditionals="8" coveredconditionals="1" methods="28" coveredmethods="3" elements="92" coveredelements="14" complexity="0" loc="56" ncloc="56" packages="1" files="10" classes="10"/>
    <file name="AllProducts.tsx" path="D:\Vinayak work\practice folder\Testing\flipkart\src\components\AllProducts.tsx">
      <metrics statements="8" coveredstatements="0" conditionals="2" coveredconditionals="0" methods="3" coveredmethods="0"/>
      <line num="7" count="0" type="stmt"/>
      <line num="8" count="0" type="stmt"/>
      <line num="9" count="0" type="stmt"/>
      <line num="12" count="0" type="stmt"/>
      <line num="16" count="0" type="cond" truecount="0" falsecount="2"/>
      <line num="17" count="0" type="stmt"/>
      <line num="20" count="0" type="stmt"/>
      <line num="35" count="0" type="stmt"/>
    </file>
    <file name="CartDetails.tsx" path="D:\Vinayak work\practice folder\Testing\flipkart\src\components\CartDetails.tsx">
      <metrics statements="2" coveredstatements="0" conditionals="0" coveredconditionals="0" methods="1" coveredmethods="0"/>
      <line num="4" count="0" type="stmt"/>
      <line num="5" count="0" type="stmt"/>
    </file>
    <file name="CartProducts.tsx" path="D:\Vinayak work\practice folder\Testing\flipkart\src\components\CartProducts.tsx">
      <metrics statements="14" coveredstatements="8" conditionals="2" coveredconditionals="1" methods="8" coveredmethods="2"/>
      <line num="12" count="1" type="stmt"/>
      <line num="13" count="1" type="stmt"/>
      <line num="14" count="1" type="stmt"/>
      <line num="16" count="1" type="stmt"/>
      <line num="17" count="0" type="stmt"/>
      <line num="20" count="1" type="stmt"/>
      <line num="21" count="0" type="stmt"/>
      <line num="24" count="1" type="stmt"/>
      <line num="25" count="0" type="stmt"/>
      <line num="28" count="1" type="stmt"/>
      <line num="38" count="1" type="stmt"/>
      <line num="94" count="0" type="stmt"/>
      <line num="112" count="0" type="stmt"/>
      <line num="128" count="0" type="stmt"/>
    </file>
    <file name="Hero.tsx" path="D:\Vinayak work\practice folder\Testing\flipkart\src\components\Hero.tsx">
      <metrics statements="2" coveredstatements="0" conditionals="0" coveredconditionals="0" methods="1" coveredmethods="0"/>
      <line num="3" count="0" type="stmt"/>
      <line num="4" count="0" type="stmt"/>
    </file>
    <file name="ImageArray.tsx" path="D:\Vinayak work\practice folder\Testing\flipkart\src\components\ImageArray.tsx">
      <metrics statements="7" coveredstatements="0" conditionals="2" coveredconditionals="0" methods="4" coveredmethods="0"/>
      <line num="4" count="0" type="stmt"/>
      <line num="5" count="0" type="stmt"/>
      <line num="7" count="0" type="stmt"/>
      <line num="8" count="0" type="stmt"/>
      <line num="10" count="0" type="stmt"/>
      <line num="17" count="0" type="stmt"/>
      <line num="20" count="0" type="stmt"/>
    </file>
    <file name="Navbar.tsx" path="D:\Vinayak work\practice folder\Testing\flipkart\src\components\Navbar.tsx">
      <metrics statements="3" coveredstatements="0" conditionals="0" coveredconditionals="0" methods="2" coveredmethods="0"/>
      <line num="14" count="0" type="stmt"/>
      <line num="15" count="0" type="stmt"/>
      <line num="17" count="0" type="stmt"/>
    </file>
    <file name="OrderBtn.tsx" path="D:\Vinayak work\practice folder\Testing\flipkart\src\components\OrderBtn.tsx">
      <metrics statements="5" coveredstatements="0" conditionals="0" coveredconditionals="0" methods="2" coveredmethods="0"/>
      <line num="8" count="0" type="stmt"/>
      <line num="9" count="0" type="stmt"/>
      <line num="11" count="0" type="stmt"/>
      <line num="12" count="0" type="stmt"/>
      <line num="21" count="0" type="stmt"/>
    </file>
    <file name="ProductCard.tsx" path="D:\Vinayak work\practice folder\Testing\flipkart\src\components\ProductCard.tsx">
      <metrics statements="2" coveredstatements="0" conditionals="0" coveredconditionals="0" methods="1" coveredmethods="0"/>
      <line num="25" count="0" type="stmt"/>
      <line num="26" count="0" type="stmt"/>
    </file>
    <file name="ProductImage.tsx" path="D:\Vinayak work\practice folder\Testing\flipkart\src\components\ProductImage.tsx">
      <metrics statements="11" coveredstatements="0" conditionals="2" coveredconditionals="0" methods="5" coveredmethods="0"/>
      <line num="5" count="0" type="stmt"/>
      <line num="6" count="0" type="stmt"/>
      <line num="7" count="0" type="stmt"/>
      <line num="8" count="0" type="stmt"/>
      <line num="10" count="0" type="stmt"/>
      <line num="11" count="0" type="stmt"/>
      <line num="14" count="0" type="stmt"/>
      <line num="15" count="0" type="stmt"/>
      <line num="18" count="0" type="stmt"/>
      <line num="34" count="0" type="stmt"/>
      <line num="37" count="0" type="stmt"/>
    </file>
    <file name="ProductInfo.tsx" path="D:\Vinayak work\practice folder\Testing\flipkart\src\components\ProductInfo.tsx">
      <metrics statements="2" coveredstatements="2" conditionals="0" coveredconditionals="0" methods="1" coveredmethods="1"/>
      <line num="5" count="1" type="stmt"/>
      <line num="6" count="1" type="stmt"/>
    </file>
  </project>
</coverage>
