{"D:\\Vinayak work\\practice folder\\Testing\\flipkart\\src\\components\\AllProducts.tsx": {"path":"D:\\Vinayak work\\practice folder\\Testing\\flipkart\\src\\components\\AllProducts.tsx","statementMap":{"0":{"start":{"line":7,"column":20},"end":{"line":44,"column":1}},"1":{"start":{"line":8,"column":25},"end":{"line":10,"column":3}},"2":{"start":{"line":9,"column":4},"end":{"line":9,"column":61}},"3":{"start":{"line":12,"column":19},"end":{"line":12,"column":61}},"4":{"start":{"line":16,"column":2},"end":{"line":18,"column":3}},"5":{"start":{"line":17,"column":4},"end":{"line":17,"column":16}},"6":{"start":{"line":20,"column":2},"end":{"line":43,"column":4}},"7":{"start":{"line":35,"column":10},"end":{"line":39,"column":12}}},"fnMap":{"0":{"name":"(anonymous_0)","decl":{"start":{"line":7,"column":20},"end":{"line":7,"column":21}},"loc":{"start":{"line":7,"column":26},"end":{"line":44,"column":1}},"line":7},"1":{"name":"(anonymous_1)","decl":{"start":{"line":8,"column":25},"end":{"line":8,"column":26}},"loc":{"start":{"line":8,"column":37},"end":{"line":10,"column":3}},"line":8},"2":{"name":"(anonymous_2)","decl":{"start":{"line":34,"column":35},"end":{"line":34,"column":36}},"loc":{"start":{"line":34,"column":63},"end":{"line":40,"column":9}},"line":34}},"branchMap":{"0":{"loc":{"start":{"line":16,"column":2},"end":{"line":18,"column":3}},"type":"if","locations":[{"start":{"line":16,"column":2},"end":{"line":18,"column":3}},{"start":{},"end":{}}],"line":16}},"s":{"0":0,"1":0,"2":0,"3":0,"4":0,"5":0,"6":0,"7":0},"f":{"0":0,"1":0,"2":0},"b":{"0":[0,0]}}
,"D:\\Vinayak work\\practice folder\\Testing\\flipkart\\src\\components\\CartDetails.tsx": {"path":"D:\\Vinayak work\\practice folder\\Testing\\flipkart\\src\\components\\CartDetails.tsx","statementMap":{"0":{"start":{"line":4,"column":21},"end":{"line":83,"column":1}},"1":{"start":{"line":5,"column":2},"end":{"line":82,"column":4}}},"fnMap":{"0":{"name":"(anonymous_0)","decl":{"start":{"line":4,"column":21},"end":{"line":4,"column":22}},"loc":{"start":{"line":4,"column":39},"end":{"line":83,"column":1}},"line":4}},"branchMap":{},"s":{"0":0,"1":0},"f":{"0":0},"b":{}}
,"D:\\Vinayak work\\practice folder\\Testing\\flipkart\\src\\components\\CartProducts.tsx": {"path":"D:\\Vinayak work\\practice folder\\Testing\\flipkart\\src\\components\\CartProducts.tsx","statementMap":{"0":{"start":{"line":12,"column":21},"end":{"line":143,"column":1}},"1":{"start":{"line":13,"column":19},"end":{"line":13,"column":32}},"2":{"start":{"line":14,"column":2},"end":{"line":14,"column":24}},"3":{"start":{"line":16,"column":23},"end":{"line":18,"column":3}},"4":{"start":{"line":17,"column":4},"end":{"line":17,"column":32}},"5":{"start":{"line":20,"column":23},"end":{"line":22,"column":3}},"6":{"start":{"line":21,"column":4},"end":{"line":21,"column":32}},"7":{"start":{"line":24,"column":27},"end":{"line":26,"column":3}},"8":{"start":{"line":25,"column":4},"end":{"line":25,"column":39}},"9":{"start":{"line":28,"column":2},"end":{"line":142,"column":4}},"10":{"start":{"line":38,"column":8},"end":{"line":139,"column":10}},"11":{"start":{"line":94,"column":33},"end":{"line":94,"column":58}},"12":{"start":{"line":112,"column":33},"end":{"line":112,"column":58}},"13":{"start":{"line":128,"column":31},"end":{"line":128,"column":60}}},"fnMap":{"0":{"name":"(anonymous_0)","decl":{"start":{"line":12,"column":21},"end":{"line":12,"column":22}},"loc":{"start":{"line":12,"column":39},"end":{"line":143,"column":1}},"line":12},"1":{"name":"(anonymous_1)","decl":{"start":{"line":16,"column":23},"end":{"line":16,"column":24}},"loc":{"start":{"line":16,"column":35},"end":{"line":18,"column":3}},"line":16},"2":{"name":"(anonymous_2)","decl":{"start":{"line":20,"column":23},"end":{"line":20,"column":24}},"loc":{"start":{"line":20,"column":35},"end":{"line":22,"column":3}},"line":20},"3":{"name":"(anonymous_3)","decl":{"start":{"line":24,"column":27},"end":{"line":24,"column":28}},"loc":{"start":{"line":24,"column":39},"end":{"line":26,"column":3}},"line":24},"4":{"name":"(anonymous_4)","decl":{"start":{"line":37,"column":21},"end":{"line":37,"column":22}},"loc":{"start":{"line":37,"column":38},"end":{"line":140,"column":7}},"line":37},"5":{"name":"(anonymous_5)","decl":{"start":{"line":94,"column":27},"end":{"line":94,"column":28}},"loc":{"start":{"line":94,"column":33},"end":{"line":94,"column":58}},"line":94},"6":{"name":"(anonymous_6)","decl":{"start":{"line":112,"column":27},"end":{"line":112,"column":28}},"loc":{"start":{"line":112,"column":33},"end":{"line":112,"column":58}},"line":112},"7":{"name":"(anonymous_7)","decl":{"start":{"line":128,"column":25},"end":{"line":128,"column":26}},"loc":{"start":{"line":128,"column":31},"end":{"line":128,"column":60}},"line":128}},"branchMap":{"0":{"loc":{"start":{"line":103,"column":28},"end":{"line":103,"column":63}},"type":"cond-expr","locations":[{"start":{"line":103,"column":51},"end":{"line":103,"column":55}},{"start":{"line":103,"column":58},"end":{"line":103,"column":63}}],"line":103}},"s":{"0":1,"1":1,"2":1,"3":1,"4":0,"5":1,"6":0,"7":1,"8":0,"9":1,"10":1,"11":0,"12":0,"13":0},"f":{"0":1,"1":0,"2":0,"3":0,"4":1,"5":0,"6":0,"7":0},"b":{"0":[0,1]},"_coverageSchema":"1a1c01bbd47fc00a2c39e90264f33305004495a9","hash":"b8e561ac4fc8f985122c8d1376fc060195884f2d"}
,"D:\\Vinayak work\\practice folder\\Testing\\flipkart\\src\\components\\Hero.tsx": {"path":"D:\\Vinayak work\\practice folder\\Testing\\flipkart\\src\\components\\Hero.tsx","statementMap":{"0":{"start":{"line":3,"column":13},"end":{"line":25,"column":1}},"1":{"start":{"line":4,"column":2},"end":{"line":24,"column":4}}},"fnMap":{"0":{"name":"(anonymous_0)","decl":{"start":{"line":3,"column":13},"end":{"line":3,"column":14}},"loc":{"start":{"line":3,"column":19},"end":{"line":25,"column":1}},"line":3}},"branchMap":{},"s":{"0":0,"1":0},"f":{"0":0},"b":{}}
,"D:\\Vinayak work\\practice folder\\Testing\\flipkart\\src\\components\\ImageArray.tsx": {"path":"D:\\Vinayak work\\practice folder\\Testing\\flipkart\\src\\components\\ImageArray.tsx","statementMap":{"0":{"start":{"line":4,"column":19},"end":{"line":35,"column":1}},"1":{"start":{"line":5,"column":32},"end":{"line":5,"column":63}},"2":{"start":{"line":7,"column":27},"end":{"line":9,"column":3}},"3":{"start":{"line":8,"column":4},"end":{"line":8,"column":21}},"4":{"start":{"line":10,"column":2},"end":{"line":34,"column":4}},"5":{"start":{"line":17,"column":8},"end":{"line":31,"column":10}},"6":{"start":{"line":20,"column":32},"end":{"line":20,"column":54}}},"fnMap":{"0":{"name":"(anonymous_0)","decl":{"start":{"line":4,"column":19},"end":{"line":4,"column":20}},"loc":{"start":{"line":4,"column":25},"end":{"line":35,"column":1}},"line":4},"1":{"name":"(anonymous_1)","decl":{"start":{"line":7,"column":27},"end":{"line":7,"column":28}},"loc":{"start":{"line":7,"column":37},"end":{"line":9,"column":3}},"line":7},"2":{"name":"(anonymous_2)","decl":{"start":{"line":16,"column":32},"end":{"line":16,"column":33}},"loc":{"start":{"line":16,"column":49},"end":{"line":32,"column":7}},"line":16},"3":{"name":"(anonymous_3)","decl":{"start":{"line":20,"column":26},"end":{"line":20,"column":27}},"loc":{"start":{"line":20,"column":32},"end":{"line":20,"column":54}},"line":20}},"branchMap":{"0":{"loc":{"start":{"line":28,"column":22},"end":{"line":28,"column":67}},"type":"cond-expr","locations":[{"start":{"line":28,"column":41},"end":{"line":28,"column":60}},{"start":{"line":28,"column":63},"end":{"line":28,"column":67}}],"line":28}},"s":{"0":0,"1":0,"2":0,"3":0,"4":0,"5":0,"6":0},"f":{"0":0,"1":0,"2":0,"3":0},"b":{"0":[0,0]}}
,"D:\\Vinayak work\\practice folder\\Testing\\flipkart\\src\\components\\Navbar.tsx": {"path":"D:\\Vinayak work\\practice folder\\Testing\\flipkart\\src\\components\\Navbar.tsx","statementMap":{"0":{"start":{"line":14,"column":15},"end":{"line":83,"column":1}},"1":{"start":{"line":15,"column":19},"end":{"line":15,"column":60}},"2":{"start":{"line":15,"column":42},"end":{"line":15,"column":59}},"3":{"start":{"line":17,"column":2},"end":{"line":82,"column":4}}},"fnMap":{"0":{"name":"(anonymous_0)","decl":{"start":{"line":14,"column":15},"end":{"line":14,"column":16}},"loc":{"start":{"line":14,"column":21},"end":{"line":83,"column":1}},"line":14},"1":{"name":"(anonymous_1)","decl":{"start":{"line":15,"column":31},"end":{"line":15,"column":32}},"loc":{"start":{"line":15,"column":42},"end":{"line":15,"column":59}},"line":15}},"branchMap":{},"s":{"0":0,"1":0,"2":0,"3":0},"f":{"0":0,"1":0},"b":{}}
,"D:\\Vinayak work\\practice folder\\Testing\\flipkart\\src\\components\\OrderBtn.tsx": {"path":"D:\\Vinayak work\\practice folder\\Testing\\flipkart\\src\\components\\OrderBtn.tsx","statementMap":{"0":{"start":{"line":8,"column":17},"end":{"line":64,"column":1}},"1":{"start":{"line":9,"column":19},"end":{"line":9,"column":32}},"2":{"start":{"line":11,"column":26},"end":{"line":19,"column":3}},"3":{"start":{"line":12,"column":4},"end":{"line":18,"column":6}},"4":{"start":{"line":21,"column":2},"end":{"line":63,"column":4}}},"fnMap":{"0":{"name":"(anonymous_0)","decl":{"start":{"line":8,"column":17},"end":{"line":8,"column":18}},"loc":{"start":{"line":8,"column":38},"end":{"line":64,"column":1}},"line":8},"1":{"name":"(anonymous_1)","decl":{"start":{"line":11,"column":26},"end":{"line":11,"column":27}},"loc":{"start":{"line":11,"column":32},"end":{"line":19,"column":3}},"line":11}},"branchMap":{},"s":{"0":0,"1":0,"2":0,"3":0,"4":0},"f":{"0":0,"1":0},"b":{}}
,"D:\\Vinayak work\\practice folder\\Testing\\flipkart\\src\\components\\ProductCard.tsx": {"path":"D:\\Vinayak work\\practice folder\\Testing\\flipkart\\src\\components\\ProductCard.tsx","statementMap":{"0":{"start":{"line":25,"column":41},"end":{"line":64,"column":1}},"1":{"start":{"line":26,"column":2},"end":{"line":63,"column":4}}},"fnMap":{"0":{"name":"(anonymous_0)","decl":{"start":{"line":25,"column":41},"end":{"line":25,"column":42}},"loc":{"start":{"line":25,"column":55},"end":{"line":64,"column":1}},"line":25}},"branchMap":{},"s":{"0":0,"1":0},"f":{"0":0},"b":{}}
,"D:\\Vinayak work\\practice folder\\Testing\\flipkart\\src\\components\\ProductImage.tsx": {"path":"D:\\Vinayak work\\practice folder\\Testing\\flipkart\\src\\components\\ProductImage.tsx","statementMap":{"0":{"start":{"line":5,"column":21},"end":{"line":97,"column":1}},"1":{"start":{"line":6,"column":2},"end":{"line":6,"column":45}},"2":{"start":{"line":7,"column":32},"end":{"line":7,"column":64}},"3":{"start":{"line":8,"column":2},"end":{"line":8,"column":42}},"4":{"start":{"line":10,"column":27},"end":{"line":12,"column":3}},"5":{"start":{"line":11,"column":4},"end":{"line":11,"column":21}},"6":{"start":{"line":14,"column":2},"end":{"line":16,"column":20}},"7":{"start":{"line":15,"column":4},"end":{"line":15,"column":39}},"8":{"start":{"line":18,"column":2},"end":{"line":96,"column":4}},"9":{"start":{"line":34,"column":12},"end":{"line":48,"column":14}},"10":{"start":{"line":37,"column":36},"end":{"line":37,"column":58}}},"fnMap":{"0":{"name":"(anonymous_0)","decl":{"start":{"line":5,"column":21},"end":{"line":5,"column":22}},"loc":{"start":{"line":5,"column":47},"end":{"line":97,"column":1}},"line":5},"1":{"name":"(anonymous_1)","decl":{"start":{"line":10,"column":27},"end":{"line":10,"column":28}},"loc":{"start":{"line":10,"column":37},"end":{"line":12,"column":3}},"line":10},"2":{"name":"(anonymous_2)","decl":{"start":{"line":14,"column":12},"end":{"line":14,"column":13}},"loc":{"start":{"line":14,"column":18},"end":{"line":16,"column":3}},"line":14},"3":{"name":"(anonymous_3)","decl":{"start":{"line":33,"column":36},"end":{"line":33,"column":37}},"loc":{"start":{"line":33,"column":53},"end":{"line":49,"column":11}},"line":33},"4":{"name":"(anonymous_4)","decl":{"start":{"line":37,"column":30},"end":{"line":37,"column":31}},"loc":{"start":{"line":37,"column":36},"end":{"line":37,"column":58}},"line":37}},"branchMap":{"0":{"loc":{"start":{"line":45,"column":26},"end":{"line":45,"column":71}},"type":"cond-expr","locations":[{"start":{"line":45,"column":45},"end":{"line":45,"column":64}},{"start":{"line":45,"column":67},"end":{"line":45,"column":71}}],"line":45}},"s":{"0":0,"1":0,"2":0,"3":0,"4":0,"5":0,"6":0,"7":0,"8":0,"9":0,"10":0},"f":{"0":0,"1":0,"2":0,"3":0,"4":0},"b":{"0":[0,0]}}
,"D:\\Vinayak work\\practice folder\\Testing\\flipkart\\src\\components\\ProductInfo.tsx": {"path":"D:\\Vinayak work\\practice folder\\Testing\\flipkart\\src\\components\\ProductInfo.tsx","statementMap":{"0":{"start":{"line":5,"column":20},"end":{"line":40,"column":1}},"1":{"start":{"line":6,"column":2},"end":{"line":39,"column":4}}},"fnMap":{"0":{"name":"(anonymous_0)","decl":{"start":{"line":5,"column":20},"end":{"line":5,"column":21}},"loc":{"start":{"line":5,"column":41},"end":{"line":40,"column":1}},"line":5}},"branchMap":{},"s":{"0":1,"1":1},"f":{"0":1},"b":{},"_coverageSchema":"1a1c01bbd47fc00a2c39e90264f33305004495a9","hash":"2bcbc65ab4f5cbccf79cd794e0bc19f2c8da326f"}
}
